<testsuites id="" name="" tests="5" failures="5" skipped="0" errors="0" time="36.281135">
<testsuite name="symbol-selection.spec.ts" timestamp="2025-10-16T00:58:13.568Z" hostname="chromium" tests="1" failures="1" skipped="0" time="30.064" errors="0">
<testcase name="AddDisplayMenu Symbol Selection › should display available symbols" classname="symbol-selection.spec.ts" time="30.064">
<failure message="symbol-selection.spec.ts:29:3 should display available symbols" type="FAILURE">
<![CDATA[  [chromium] › symbol-selection.spec.ts:29:3 › AddDisplayMenu Symbol Selection › should display available symbols 

    Test timeout of 30000ms exceeded while running "beforeEach" hook.

       6 |   test.describe.configure({ mode: 'parallel' });
       7 |
    >  8 |   test.beforeEach(async ({ canvasPage, mockSymbolData }) => {
         |        ^
       9 |     // Ensure we're on the main page and canvas is ready
      10 |     await canvasPage.waitForSelector('#floating-canvas', { state: 'visible' });
      11 |   });
        at /workspaces/c/e2e/add-display-menu/symbol-selection.spec.ts:8:8

    Error: browserContext.newPage: Test timeout of 30000ms exceeded.
]]>
</failure>
</testcase>
</testsuite>
<testsuite name="symbol-selection.spec.ts" timestamp="2025-10-16T00:58:13.568Z" hostname="firefox" tests="1" failures="1" skipped="0" time="11.395" errors="0">
<testcase name="AddDisplayMenu Symbol Selection › should display available symbols" classname="symbol-selection.spec.ts" time="11.395">
<failure message="symbol-selection.spec.ts:29:3 should display available symbols" type="FAILURE">
<![CDATA[  [firefox] › symbol-selection.spec.ts:29:3 › AddDisplayMenu Symbol Selection › should display available symbols 

    TimeoutError: page.waitForSelector: Timeout 10000ms exceeded.
    Call log:
      - waiting for locator('#floating-canvas') to be visible


       at fixtures.ts:52

      50 |   canvasPage: async ({ page }, use: (page: Page) => void) => {
      51 |     await page.goto('/');
    > 52 |     await page.waitForSelector('#floating-canvas', { timeout: 10000 });
         |                ^
      53 |     await page.waitForLoadState('networkidle');
      54 |     await use(page);
      55 |   },
        at Object.canvasPage (/workspaces/c/e2e/add-display-menu/fixtures.ts:52:16)

    attachment #1: screenshot (image/png) ──────────────────────────────────────────────────────────
    ../../test-results/symbol-selection-AddDispla-ab70d-d-display-available-symbols-firefox/test-failed-1.png
    ────────────────────────────────────────────────────────────────────────────────────────────────

    attachment #2: video (video/webm) ──────────────────────────────────────────────────────────────
    ../../test-results/symbol-selection-AddDispla-ab70d-d-display-available-symbols-firefox/video.webm
    ────────────────────────────────────────────────────────────────────────────────────────────────

    Error Context: ../../test-results/symbol-selection-AddDispla-ab70d-d-display-available-symbols-firefox/error-context.md
]]>
</failure>
<system-out>
<![CDATA[
[[ATTACHMENT|../../test-results/symbol-selection-AddDispla-ab70d-d-display-available-symbols-firefox/test-failed-1.png]]

[[ATTACHMENT|../../test-results/symbol-selection-AddDispla-ab70d-d-display-available-symbols-firefox/video.webm]]

[[ATTACHMENT|../../test-results/symbol-selection-AddDispla-ab70d-d-display-available-symbols-firefox/error-context.md]]
]]>
</system-out>
</testcase>
</testsuite>
<testsuite name="symbol-selection.spec.ts" timestamp="2025-10-16T00:58:13.568Z" hostname="webkit" tests="1" failures="1" skipped="0" time="11.509" errors="0">
<testcase name="AddDisplayMenu Symbol Selection › should display available symbols" classname="symbol-selection.spec.ts" time="11.509">
<failure message="symbol-selection.spec.ts:29:3 should display available symbols" type="FAILURE">
<![CDATA[  [webkit] › symbol-selection.spec.ts:29:3 › AddDisplayMenu Symbol Selection › should display available symbols 

    TimeoutError: page.waitForSelector: Timeout 10000ms exceeded.
    Call log:
      - waiting for locator('#floating-canvas') to be visible


       at fixtures.ts:52

      50 |   canvasPage: async ({ page }, use: (page: Page) => void) => {
      51 |     await page.goto('/');
    > 52 |     await page.waitForSelector('#floating-canvas', { timeout: 10000 });
         |                ^
      53 |     await page.waitForLoadState('networkidle');
      54 |     await use(page);
      55 |   },
        at Object.canvasPage (/workspaces/c/e2e/add-display-menu/fixtures.ts:52:16)

    attachment #1: screenshot (image/png) ──────────────────────────────────────────────────────────
    ../../test-results/symbol-selection-AddDispla-ab70d-d-display-available-symbols-webkit/test-failed-1.png
    ────────────────────────────────────────────────────────────────────────────────────────────────

    attachment #2: video (video/webm) ──────────────────────────────────────────────────────────────
    ../../test-results/symbol-selection-AddDispla-ab70d-d-display-available-symbols-webkit/video.webm
    ────────────────────────────────────────────────────────────────────────────────────────────────

    Error Context: ../../test-results/symbol-selection-AddDispla-ab70d-d-display-available-symbols-webkit/error-context.md
]]>
</failure>
<system-out>
<![CDATA[
[[ATTACHMENT|../../test-results/symbol-selection-AddDispla-ab70d-d-display-available-symbols-webkit/test-failed-1.png]]

[[ATTACHMENT|../../test-results/symbol-selection-AddDispla-ab70d-d-display-available-symbols-webkit/video.webm]]

[[ATTACHMENT|../../test-results/symbol-selection-AddDispla-ab70d-d-display-available-symbols-webkit/error-context.md]]
]]>
</system-out>
</testcase>
</testsuite>
<testsuite name="symbol-selection.spec.ts" timestamp="2025-10-16T00:58:13.568Z" hostname="Mobile Chrome" tests="1" failures="1" skipped="0" time="30.053" errors="0">
<testcase name="AddDisplayMenu Symbol Selection › should display available symbols" classname="symbol-selection.spec.ts" time="30.053">
<failure message="symbol-selection.spec.ts:29:3 should display available symbols" type="FAILURE">
<![CDATA[  [Mobile Chrome] › symbol-selection.spec.ts:29:3 › AddDisplayMenu Symbol Selection › should display available symbols 

    Test timeout of 30000ms exceeded while running "beforeEach" hook.

       6 |   test.describe.configure({ mode: 'parallel' });
       7 |
    >  8 |   test.beforeEach(async ({ canvasPage, mockSymbolData }) => {
         |        ^
       9 |     // Ensure we're on the main page and canvas is ready
      10 |     await canvasPage.waitForSelector('#floating-canvas', { state: 'visible' });
      11 |   });
        at /workspaces/c/e2e/add-display-menu/symbol-selection.spec.ts:8:8

    Error: browserContext.newPage: Test timeout of 30000ms exceeded.
]]>
</failure>
</testcase>
</testsuite>
<testsuite name="symbol-selection.spec.ts" timestamp="2025-10-16T00:58:13.568Z" hostname="Mobile Safari" tests="1" failures="1" skipped="0" time="11.41" errors="0">
<testcase name="AddDisplayMenu Symbol Selection › should display available symbols" classname="symbol-selection.spec.ts" time="11.41">
<failure message="symbol-selection.spec.ts:29:3 should display available symbols" type="FAILURE">
<![CDATA[  [Mobile Safari] › symbol-selection.spec.ts:29:3 › AddDisplayMenu Symbol Selection › should display available symbols 

    TimeoutError: page.waitForSelector: Timeout 10000ms exceeded.
    Call log:
      - waiting for locator('#floating-canvas') to be visible


       at fixtures.ts:52

      50 |   canvasPage: async ({ page }, use: (page: Page) => void) => {
      51 |     await page.goto('/');
    > 52 |     await page.waitForSelector('#floating-canvas', { timeout: 10000 });
         |                ^
      53 |     await page.waitForLoadState('networkidle');
      54 |     await use(page);
      55 |   },
        at Object.canvasPage (/workspaces/c/e2e/add-display-menu/fixtures.ts:52:16)

    attachment #1: screenshot (image/png) ──────────────────────────────────────────────────────────
    ../../test-results/symbol-selection-AddDispla-ab70d-d-display-available-symbols-Mobile-Safari/test-failed-1.png
    ────────────────────────────────────────────────────────────────────────────────────────────────

    attachment #2: video (video/webm) ──────────────────────────────────────────────────────────────
    ../../test-results/symbol-selection-AddDispla-ab70d-d-display-available-symbols-Mobile-Safari/video.webm
    ────────────────────────────────────────────────────────────────────────────────────────────────

    Error Context: ../../test-results/symbol-selection-AddDispla-ab70d-d-display-available-symbols-Mobile-Safari/error-context.md
]]>
</failure>
<system-out>
<![CDATA[
[[ATTACHMENT|../../test-results/symbol-selection-AddDispla-ab70d-d-display-available-symbols-Mobile-Safari/test-failed-1.png]]

[[ATTACHMENT|../../test-results/symbol-selection-AddDispla-ab70d-d-display-available-symbols-Mobile-Safari/video.webm]]

[[ATTACHMENT|../../test-results/symbol-selection-AddDispla-ab70d-d-display-available-symbols-Mobile-Safari/error-context.md]]
]]>
</system-out>
</testcase>
</testsuite>
</testsuites>